H3K4ME3_adrenalgland
H3K4ME3_amnion
H3K4ME3_aorta
H3K4ME3_ascendingaorta
H3K4ME3_Bcell
H3K4ME3_bodyofpancreas
H3K4ME3_brain
H3K4ME3_breastepithelium
H3K4ME3_caudatenucleus
H3K4ME3_CD14-positivemonocyte
H3K4ME3_CD4-positive,alpha-betaTcell
H3K4ME3_CD8-positive,alpha-betaTcell
H3K4ME3_cerebellum
H3K4ME3_cingulategyrus
H3K4ME3_colonicmucosa
H3K4ME3_coronaryartery
H3K4ME3_endocrinepancreas
H3K4ME3_esophagus
H3K4ME3_esophagusmuscularismucosa
H3K4ME3_esophagussquamousepithelium
H3K4ME3_gastroesophagealsphincter
H3K4ME3_heart
H3K4ME3_heartleftventricle
H3K4ME3_heartrightventricle
H3K4ME3_kidney
H3K4ME3_layerofhippocampus
H3K4ME3_liver
H3K4ME3_lowerlegskin
H3K4ME3_lung
H3K4ME3_mucosaofrectum
H3K4ME3_mucosaofstomach
H3K4ME3_musclelayerofcolon
H3K4ME3_muscleofleg
H3K4ME3_muscleoftrunk
H3K4ME3_ovary
H3K4ME3_pancreas
H3K4ME3_peripheralbloodmononuclearcell
H3K4ME3_prostategland
H3K4ME3_psoasmuscle
H3K4ME3_rectalsmoothmuscletissue
H3K4ME3_rightcardiacatrium
H3K4ME3_rightlobeofliver
H3K4ME3_sigmoidcolon
H3K4ME3_skeletalmuscletissue
H3K4ME3_smallintestine
H3K4ME3_spleen
H3K4ME3_stomach
H3K4ME3_stomachsmoothmuscle
H3K4ME3_subcutaneousabdominaladiposetissue
H3K4ME3_substantianigra
H3K4ME3_T-cell
H3K4ME3_testis
H3K4ME3_thyroidgland
H3K4ME3_tibialartery
H3K4ME3_tibialnerve
H3K4ME3_transversecolon
H3K4ME3_upperlobeofleftlung
H3K4ME3_urinarybladder
H3K4ME3_uterus
H3K4ME3_vagina
