(0, Counter({1: 1265, 0: 772}))
(1, Counter({1: 558, 0: 355}))
(2, Counter({1: 169, 0: 108}))
(3, Counter({1: 216, 0: 141}))
(4, Counter({1: 194, 0: 113}))
(5, Counter({1: 461, 0: 261}))
(6, Counter({1: 164, 0: 88}))
(7, Counter({1: 420, 0: 239}))
(8, Counter({1: 305, 0: 180}))
(9, Counter({1: 595, 0: 333}))
(10, Counter({1: 592, 0: 348}))
(11, Counter({1: 355, 0: 229}))
(12, Counter({1: 714, 0: 365}))
(13, Counter({1: 650, 0: 347}))
(14, Counter({1: 357, 0: 178}))
(15, Counter({1: 331, 0: 185}))
(16, Counter({1: 121, 0: 58}))
(17, Counter({1: 604, 0: 325}))
(18, Counter({1: 517, 0: 284}))
(19, Counter({1: 557, 0: 340}))
(20, Counter({1: 329, 0: 155}))
(21, Counter({1: 255, 0: 111}))
(22, Counter({1: 490, 0: 253}))
('Number of variants tesable in total:', 9539)
('Number of variants with ASB:', 3232, 2855)
0
('Compare to random pairs: ', [[616, 1421.0], [1766.0, 3432.0]])
('Compare to random pairs: ', [[616, 1421.0], [1261.0, 2570.0]])
('Compare to random pairs: ', [[530, 1507.0], [1551.0, 3647.0]])
('Compare to random pairs: ', [[530, 1507.0], [1119.0, 2712.0]])
1
('Compare to random pairs: ', [[275, 638.0], [1162.0, 2326.0]])
('Compare to random pairs: ', [[275, 638.0], [600.0, 1183.0]])
('Compare to random pairs: ', [[229, 684.0], [1017.0, 2471.0]])
('Compare to random pairs: ', [[229, 684.0], [532.0, 1251.0]])
2
('Compare to random pairs: ', [[107, 170.0], [590.0, 1176.0]])
('Compare to random pairs: ', [[107, 170.0], [185.0, 366.0]])
('Compare to random pairs: ', [[97, 180.0], [517.0, 1249.0]])
('Compare to random pairs: ', [[97, 180.0], [167.0, 384.0]])
3
('Compare to random pairs: ', [[123, 234.0], [617.0, 1314.0]])
('Compare to random pairs: ', [[123, 234.0], [230.0, 478.0]])
('Compare to random pairs: ', [[107, 250.0], [547.0, 1384.0]])
('Compare to random pairs: ', [[107, 250.0], [213.0, 495.0]])
4
('Compare to random pairs: ', [[96, 211.0], [517.0, 1025.0]])
('Compare to random pairs: ', [[96, 211.0], [206.0, 402.0]])
('Compare to random pairs: ', [[84, 223.0], [457.0, 1085.0]])
('Compare to random pairs: ', [[84, 223.0], [177.0, 431.0]])
5
('Compare to random pairs: ', [[257, 465.0], [967.0, 2026.0]])
('Compare to random pairs: ', [[257, 465.0], [467.0, 944.0]])
('Compare to random pairs: ', [[225, 497.0], [847.0, 2146.0]])
('Compare to random pairs: ', [[225, 497.0], [410.0, 1001.0]])
6
('Compare to random pairs: ', [[91, 161.0], [507.0, 1079.0]])
('Compare to random pairs: ', [[91, 161.0], [176.0, 327.0]])
('Compare to random pairs: ', [[78, 174.0], [441.0, 1145.0]])
('Compare to random pairs: ', [[78, 174.0], [154.0, 349.0]])
7
('Compare to random pairs: ', [[213, 446.0], [1027.0, 1903.0]])
('Compare to random pairs: ', [[213, 446.0], [444.0, 850.0]])
('Compare to random pairs: ', [[190, 469.0], [901.0, 2029.0]])
('Compare to random pairs: ', [[190, 469.0], [387.0, 907.0]])
8
('Compare to random pairs: ', [[156, 329.0], [819.0, 1607.0]])
('Compare to random pairs: ', [[156, 329.0], [312.0, 645.0]])
('Compare to random pairs: ', [[143, 342.0], [718.0, 1708.0]])
('Compare to random pairs: ', [[143, 342.0], [271.0, 686.0]])
9
('Compare to random pairs: ', [[317, 611.0], [1122.0, 2169.0]])
('Compare to random pairs: ', [[317, 611.0], [575.0, 1225.0]])
('Compare to random pairs: ', [[270, 658.0], [984.0, 2307.0]])
('Compare to random pairs: ', [[270, 658.0], [507.0, 1293.0]])
10
('Compare to random pairs: ', [[314, 626.0], [1227.0, 2476.0]])
('Compare to random pairs: ', [[314, 626.0], [591.0, 1239.0]])
('Compare to random pairs: ', [[266, 674.0], [1083.0, 2620.0]])
('Compare to random pairs: ', [[266, 674.0], [516.0, 1314.0]])
11
('Compare to random pairs: ', [[206, 378.0], [767.0, 1649.0]])
('Compare to random pairs: ', [[206, 378.0], [399.0, 741.0]])
('Compare to random pairs: ', [[180, 404.0], [681.0, 1735.0]])
('Compare to random pairs: ', [[180, 404.0], [345.0, 795.0]])
12
('Compare to random pairs: ', [[360, 719.0], [1217.0, 2394.0]])
('Compare to random pairs: ', [[360, 719.0], [679.0, 1400.0]])
('Compare to random pairs: ', [[312, 767.0], [1074.0, 2537.0]])
('Compare to random pairs: ', [[312, 767.0], [606.0, 1473.0]])
13
('Compare to random pairs: ', [[321, 676.0], [1143.0, 2321.0]])
('Compare to random pairs: ', [[321, 676.0], [628.0, 1310.0]])
('Compare to random pairs: ', [[280, 717.0], [991.0, 2473.0]])
('Compare to random pairs: ', [[280, 717.0], [562.0, 1376.0]])
14
('Compare to random pairs: ', [[180, 355.0], [817.0, 1726.0]])
('Compare to random pairs: ', [[180, 355.0], [360.0, 695.0]])
('Compare to random pairs: ', [[154, 381.0], [705.0, 1838.0]])
('Compare to random pairs: ', [[154, 381.0], [320.0, 735.0]])
15
('Compare to random pairs: ', [[225, 291.0], [492.0, 940.0]])
('Compare to random pairs: ', [[225, 291.0], [379.0, 639.0]])
('Compare to random pairs: ', [[203, 313.0], [432.0, 1000.0]])
('Compare to random pairs: ', [[203, 313.0], [344.0, 674.0]])
16
('Compare to random pairs: ', [[73, 106.0], [346.0, 743.0]])
('Compare to random pairs: ', [[73, 106.0], [143.0, 214.0]])
('Compare to random pairs: ', [[59, 120.0], [304.0, 785.0]])
('Compare to random pairs: ', [[59, 120.0], [129.0, 228.0]])
17
('Compare to random pairs: ', [[286, 643.0], [1200.0, 2292.0]])
('Compare to random pairs: ', [[286, 643.0], [557.0, 1262.0]])
('Compare to random pairs: ', [[256, 673.0], [1052.0, 2440.0]])
('Compare to random pairs: ', [[256, 673.0], [492.0, 1327.0]])
18
('Compare to random pairs: ', [[267, 534.0], [992.0, 2063.0]])
('Compare to random pairs: ', [[267, 534.0], [505.0, 1065.0]])
('Compare to random pairs: ', [[231, 570.0], [867.0, 2188.0]])
('Compare to random pairs: ', [[231, 570.0], [447.0, 1123.0]])
19
('Compare to random pairs: ', [[291, 606.0], [1077.0, 2137.0]])
('Compare to random pairs: ', [[291, 606.0], [561.0, 1198.0]])
('Compare to random pairs: ', [[250, 647.0], [955.0, 2259.0]])
('Compare to random pairs: ', [[250, 647.0], [509.0, 1250.0]])
20
('Compare to random pairs: ', [[174, 310.0], [700.0, 1355.0]])
('Compare to random pairs: ', [[174, 310.0], [330.0, 622.0]])
('Compare to random pairs: ', [[147, 337.0], [615.0, 1440.0]])
('Compare to random pairs: ', [[147, 337.0], [299.0, 653.0]])
21
('Compare to random pairs: ', [[139, 227.0], [685.0, 1373.0]])
('Compare to random pairs: ', [[139, 227.0], [257.0, 464.0]])
('Compare to random pairs: ', [[122, 244.0], [601.0, 1457.0]])
('Compare to random pairs: ', [[122, 244.0], [215.0, 506.0]])
22
('Compare to random pairs: ', [[228, 515.0], [975.0, 1960.0]])
('Compare to random pairs: ', [[228, 515.0], [492.0, 967.0]])
('Compare to random pairs: ', [[192, 551.0], [852.0, 2083.0]])
('Compare to random pairs: ', [[192, 551.0], [433.0, 1026.0]])
/work-zfs/abattle4/heyuan/tissue_spec_eQTL_v8/downstream/ChIP_ASB/Enrichment_analysis/ASB_HNF4A_Filtered10_peaks2_Enrichment.txt
(0, Counter({0: 770}))
(1, Counter({0: 393}))
(2, Counter({0: 112}))
(3, Counter({0: 120}))
(4, Counter({0: 105}))
(5, Counter({0: 288}))
(6, Counter({0: 77}))
(7, Counter({0: 209}))
(8, Counter({0: 185}))
(9, Counter({0: 358}))
(10, Counter({0: 374}))
(11, Counter({0: 214}))
(12, Counter({0: 369}))
(13, Counter({0: 330}))
(14, Counter({0: 210}))
(15, Counter({0: 94}))
(16, Counter({0: 57}))
(17, Counter({0: 370}))
(18, Counter({0: 278}))
(19, Counter({0: 317}))
(20, Counter({0: 155}))
(21, Counter({0: 132}))
(22, Counter({0: 285}))
('Number of variants tesable in total:', 3409)
('Number of variants with ASB:', 1546, 1355)
0
('Compare to random pairs: ', [[353, 417.0], [920.0, 1068.0]])
('Compare to random pairs: ', [[353, 417.0], [594.0, 721.0]])
('Compare to random pairs: ', [[308, 462.0], [800.0, 1188.0]])
('Compare to random pairs: ', [[308, 462.0], [516.0, 799.0]])
1
('Compare to random pairs: ', [[170, 223.0], [662.0, 778.0]])
('Compare to random pairs: ', [[170, 223.0], [339.0, 410.0]])
('Compare to random pairs: ', [[153, 240.0], [581.0, 859.0]])
('Compare to random pairs: ', [[153, 240.0], [294.0, 455.0]])
2
('Compare to random pairs: ', [[48, 64.0], [376.0, 370.0]])
('Compare to random pairs: ', [[48, 64.0], [98.0, 122.0]])
('Compare to random pairs: ', [[44, 68.0], [326.0, 420.0]])
('Compare to random pairs: ', [[44, 68.0], [86.0, 134.0]])
3
('Compare to random pairs: ', [[49, 71.0], [378.0, 442.0]])
('Compare to random pairs: ', [[49, 71.0], [108.0, 128.0]])
('Compare to random pairs: ', [[39, 81.0], [329.0, 491.0]])
('Compare to random pairs: ', [[39, 81.0], [99.0, 137.0]])
4
('Compare to random pairs: ', [[45, 60.0], [306.0, 357.0]])
('Compare to random pairs: ', [[45, 60.0], [85.0, 120.0]])
('Compare to random pairs: ', [[37, 68.0], [265.0, 398.0]])
('Compare to random pairs: ', [[37, 68.0], [80.0, 125.0]])
5
('Compare to random pairs: ', [[126, 162.0], [555.0, 653.0]])
('Compare to random pairs: ', [[126, 162.0], [252.0, 297.0]])
('Compare to random pairs: ', [[110, 178.0], [490.0, 718.0]])
('Compare to random pairs: ', [[110, 178.0], [224.0, 325.0]])
6
('Compare to random pairs: ', [[38, 39.0], [322.0, 373.0]])
('Compare to random pairs: ', [[38, 39.0], [71.0, 83.0]])
('Compare to random pairs: ', [[36, 41.0], [283.0, 412.0]])
('Compare to random pairs: ', [[36, 41.0], [67.0, 87.0]])
7
('Compare to random pairs: ', [[97, 112.0], [556.0, 638.0]])
('Compare to random pairs: ', [[97, 112.0], [184.0, 216.0]])
('Compare to random pairs: ', [[85, 124.0], [489.0, 705.0]])
('Compare to random pairs: ', [[85, 124.0], [171.0, 229.0]])
8
('Compare to random pairs: ', [[91, 94.0], [474.0, 521.0]])
('Compare to random pairs: ', [[91, 94.0], [163.0, 199.0]])
('Compare to random pairs: ', [[83, 102.0], [408.0, 587.0]])
('Compare to random pairs: ', [[83, 102.0], [147.0, 215.0]])
9
('Compare to random pairs: ', [[157, 201.0], [630.0, 697.0]])
('Compare to random pairs: ', [[157, 201.0], [302.0, 382.0]])
('Compare to random pairs: ', [[140, 218.0], [548.0, 779.0]])
('Compare to random pairs: ', [[140, 218.0], [269.0, 415.0]])
10
('Compare to random pairs: ', [[159, 215.0], [696.0, 813.0]])
('Compare to random pairs: ', [[159, 215.0], [332.0, 385.0]])
('Compare to random pairs: ', [[146, 228.0], [607.0, 902.0]])
('Compare to random pairs: ', [[146, 228.0], [291.0, 426.0]])
11
('Compare to random pairs: ', [[97, 117.0], [480.0, 555.0]])
('Compare to random pairs: ', [[97, 117.0], [201.0, 214.0]])
('Compare to random pairs: ', [[86, 128.0], [422.0, 613.0]])
('Compare to random pairs: ', [[86, 128.0], [170.0, 245.0]])
12
('Compare to random pairs: ', [[173, 196.0], [723.0, 790.0]])
('Compare to random pairs: ', [[173, 196.0], [314.0, 394.0]])
('Compare to random pairs: ', [[153, 216.0], [640.0, 873.0]])
('Compare to random pairs: ', [[153, 216.0], [287.0, 421.0]])
13
('Compare to random pairs: ', [[135, 195.0], [667.0, 753.0]])
('Compare to random pairs: ', [[135, 195.0], [286.0, 346.0]])
('Compare to random pairs: ', [[117, 213.0], [581.0, 839.0]])
('Compare to random pairs: ', [[117, 213.0], [253.0, 379.0]])
14
('Compare to random pairs: ', [[93, 117.0], [506.0, 581.0]])
('Compare to random pairs: ', [[93, 117.0], [189.0, 219.0]])
('Compare to random pairs: ', [[81, 129.0], [444.0, 643.0]])
('Compare to random pairs: ', [[81, 129.0], [173.0, 235.0]])
15
('Compare to random pairs: ', [[34, 60.0], [319.0, 337.0]])
('Compare to random pairs: ', [[34, 60.0], [90.0, 97.0]])
('Compare to random pairs: ', [[33, 61.0], [280.0, 376.0]])
('Compare to random pairs: ', [[33, 61.0], [74.0, 113.0]])
16
('Compare to random pairs: ', [[20, 37.0], [203.0, 265.0]])
('Compare to random pairs: ', [[20, 37.0], [54.0, 59.0]])
('Compare to random pairs: ', [[18, 39.0], [182.0, 286.0]])
('Compare to random pairs: ', [[18, 39.0], [49.0, 64.0]])
17
('Compare to random pairs: ', [[159, 211.0], [671.0, 754.0]])
('Compare to random pairs: ', [[159, 211.0], [338.0, 378.0]])
('Compare to random pairs: ', [[142, 228.0], [581.0, 844.0]])
('Compare to random pairs: ', [[142, 228.0], [301.0, 415.0]])
18
('Compare to random pairs: ', [[122, 156.0], [581.0, 654.0]])
('Compare to random pairs: ', [[122, 156.0], [242.0, 297.0]])
('Compare to random pairs: ', [[105, 173.0], [510.0, 725.0]])
('Compare to random pairs: ', [[105, 173.0], [212.0, 327.0]])
19
('Compare to random pairs: ', [[147, 170.0], [639.0, 718.0]])
('Compare to random pairs: ', [[147, 170.0], [283.0, 328.0]])
('Compare to random pairs: ', [[128, 189.0], [555.0, 802.0]])
('Compare to random pairs: ', [[128, 189.0], [250.0, 361.0]])
20
('Compare to random pairs: ', [[61, 94.0], [429.0, 451.0]])
('Compare to random pairs: ', [[61, 94.0], [134.0, 169.0]])
('Compare to random pairs: ', [[53, 102.0], [376.0, 504.0]])
('Compare to random pairs: ', [[53, 102.0], [113.0, 190.0]])
21
('Compare to random pairs: ', [[54, 78.0], [410.0, 449.0]])
('Compare to random pairs: ', [[54, 78.0], [103.0, 154.0]])
('Compare to random pairs: ', [[47, 85.0], [358.0, 501.0]])
('Compare to random pairs: ', [[47, 85.0], [87.0, 170.0]])
22
('Compare to random pairs: ', [[116, 169.0], [562.0, 631.0]])
('Compare to random pairs: ', [[116, 169.0], [254.0, 302.0]])
('Compare to random pairs: ', [[101, 184.0], [484.0, 709.0]])
('Compare to random pairs: ', [[101, 184.0], [215.0, 341.0]])
/work-zfs/abattle4/heyuan/tissue_spec_eQTL_v8/downstream/ChIP_ASB/Enrichment_analysis/ASB_CTCF_Filtered10_peaks2_Enrichment.txt
